lecture3/Lifecycle/app/build/outputs/logs/manifest-merger-debug-report.txt
-- Merging decision tree log ---
manifest
ADDED from src/main/AndroidManifest.xml:2:1-33:12
INJECTED from src/main/AndroidManifest.xml:2:1-33:12
INJECTED from src/main/AndroidManifest.xml:2:1-33:12
INJECTED from src/main/AndroidManifest.xml:2:1-33:12
INJECTED from src/main/AndroidManifest.xml:2:1-33:12
	package
		ADDED from src/main/AndroidManifest.xml:3:2-45
	android:versionName
		ADDED from src/main/AndroidManifest.xml:5:2-27
		INJECTED from src/main/AndroidManifest.xml
		INJECTED from src/main/AndroidManifest.xml
	xmlns:android
		ADDED from src/main/AndroidManifest.xml:2:11-69
	android:versionCode
		ADDED from src/main/AndroidManifest.xml:4:2-25
		INJECTED from src/main/AndroidManifest.xml
		INJECTED from src/main/AndroidManifest.xml
uses-sdk
ADDED from src/main/AndroidManifest.xml:7:2-9:34
	android:targetSdkVersion
		ADDED from src/main/AndroidManifest.xml:9:3-32
	android:minSdkVersion
		ADDED from src/main/AndroidManifest.xml:8:3-28
supports-screens
ADDED from src/main/AndroidManifest.xml:11:2-14:32
	android:largeScreens
		ADDED from src/main/AndroidManifest.xml:12:3-30
	android:smallScreens
		ADDED from src/main/AndroidManifest.xml:14:3-30
	android:normalScreens
		ADDED from src/main/AndroidManifest.xml:13:3-31
application
ADDED from src/main/AndroidManifest.xml:16:2-31:16
	android:label
		ADDED from src/main/AndroidManifest.xml:18:3-35
	android:icon
		ADDED from src/main/AndroidManifest.xml:17:3-39
activity#com.commonsware.android.lifecycle.ExplicitIntentsDemoActivity
ADDED from src/main/AndroidManifest.xml:19:3-27:14
	android:label
		ADDED from src/main/AndroidManifest.xml:21:4-36
	android:name
		ADDED from src/main/AndroidManifest.xml:20:4-47
intent-filter#android.intent.action.MAIN+android.intent.category.LAUNCHER
ADDED from src/main/AndroidManifest.xml:22:4-26:20
action#android.intent.action.MAIN
ADDED from src/main/AndroidManifest.xml:23:5-56
	android:name
		ADDED from src/main/AndroidManifest.xml:23:13-54
category#android.intent.category.LAUNCHER
ADDED from src/main/AndroidManifest.xml:25:5-64
	android:name
		ADDED from src/main/AndroidManifest.xml:25:15-62
activity#com.commonsware.android.lifecycle.OtherActivity
ADDED from src/main/AndroidManifest.xml:28:3-30:38
	android:label
		ADDED from src/main/AndroidManifest.xml:30:4-36
	android:name
		ADDED from src/main/AndroidManifest.xml:29:4-66